<?xml version="1.0" encoding="UTF-8"?>
<!-- Generated by org.testng.reporters.JUnitReportReporter -->
<testsuite hostname="Hamza" failures="0" tests="1" name="basic.OrganizationsTest" time="4.522" errors="0" timestamp="2024-03-15T12:51:48 IST" skipped="0">
  <testcase classname="basic.OrganizationsTest" name="CreateOrganizationTest" time="4.522"/>
  <system-out/>
</testsuite> <!-- basic.OrganizationsTest -->
